<?xml version="1.0" encoding="UTF-8"?>
<coverage generated="1630846853722" clover="3.2.0">
  <project timestamp="1630846853722" name="All files">
    <metrics statements="6" coveredstatements="4" conditionals="4" coveredconditionals="0" methods="2" coveredmethods="1" elements="12" coveredelements="5" complexity="0" loc="6" ncloc="6" packages="1" files="1" classes="1"/>
    <file name="pagination.js" path="/Users/nellymabelgonzalezbalboa/Desktop/LABORATORIA/EXTENSION-BACK-END/NELLY-REG003-burger-queen-api/controller/pagination.js">
      <metrics statements="6" coveredstatements="4" conditionals="4" coveredconditionals="0" methods="2" coveredmethods="1"/>
      <line num="1" count="1" type="stmt"/>
      <line num="2" count="2" type="stmt"/>
      <line num="3" count="2" type="stmt"/>
      <line num="6" count="1" type="stmt"/>
      <line num="7" count="0" type="stmt"/>
      <line num="14" count="0" type="stmt"/>
    </file>
  </project>
</coverage>
