{"/Users/nellymabelgonzalezbalboa/Desktop/LABORATORIA/EXTENSION-BACK-END/NELLY-REG003-burger-queen-api/controller/pagination.js": {"path":"/Users/nellymabelgonzalezbalboa/Desktop/LABORATORIA/EXTENSION-BACK-END/NELLY-REG003-burger-queen-api/controller/pagination.js","statementMap":{"0":{"start":{"line":1,"column":0},"end":{"line":4,"column":2}},"1":{"start":{"line":2,"column":17},"end":{"line":2,"column":38}},"2":{"start":{"line":3,"column":2},"end":{"line":3,"column":28}},"3":{"start":{"line":6,"column":0},"end":{"line":15,"column":2}},"4":{"start":{"line":7,"column":21},"end":{"line":12,"column":3}},"5":{"start":{"line":14,"column":2},"end":{"line":14,"column":20}}},"fnMap":{"0":{"name":"(anonymous_0)","decl":{"start":{"line":1,"column":29},"end":{"line":1,"column":30}},"loc":{"start":{"line":1,"column":40},"end":{"line":4,"column":1}},"line":1},"1":{"name":"(anonymous_1)","decl":{"start":{"line":6,"column":28},"end":{"line":6,"column":29}},"loc":{"start":{"line":6,"column":72},"end":{"line":15,"column":1}},"line":6}},"branchMap":{"0":{"loc":{"start":{"line":9,"column":10},"end":{"line":9,"column":112}},"type":"cond-expr","locations":[{"start":{"line":9,"column":33},"end":{"line":9,"column":73}},{"start":{"line":9,"column":76},"end":{"line":9,"column":112}}],"line":9},"1":{"loc":{"start":{"line":10,"column":10},"end":{"line":10,"column":112}},"type":"cond-expr","locations":[{"start":{"line":10,"column":33},"end":{"line":10,"column":73}},{"start":{"line":10,"column":76},"end":{"line":10,"column":112}}],"line":10}},"s":{"0":1,"1":2,"2":2,"3":1,"4":0,"5":0},"f":{"0":2,"1":0},"b":{"0":[0,0],"1":[0,0]},"_coverageSchema":"1a1c01bbd47fc00a2c39e90264f33305004495a9","hash":"095d561fb9e4337d7f46b9077e29dc102be4938a"}
}
